<?xml version="1.0" encoding="UTF-8"?>
<!-- Generated by org.testng.reporters.JUnitXMLReporter -->
<testsuite hostname="Vova-PC" name="Test1" tests="4" failures="3" timestamp="16 Oct 2015 16:26:39 GMT" time="102.407" errors="0">
  <testcase name="testAddNewCategory" time="38.395" classname="com.crmtronic2_0.CategoriesTest">
    <failure type="org.openqa.selenium.WebDriverException" message="unknown error: Element is not clickable at point (324, 14). Other element would receive the click: &amp;lt;div id=&amp;quot;select2-drop-mask&amp;quot; class=&amp;quot;select2-drop-mask&amp;quot; style=&amp;quot;&amp;quot;&amp;gt;&amp;lt;/div&amp;gt;
  (Session info: chrome=45.0.2454.101)
  (Driver info: chromedriver=2.8.241075,platform=Windows NT 6.3 x86_64) (WARNING: The server did not provide any stacktrace information)
Command duration or timeout: 35 milliseconds
Build info: version: &amp;apos;2.46.0&amp;apos;, revision: &amp;apos;61506a4624b13675f24581e453592342b7485d71&amp;apos;, time: &amp;apos;2015-06-04 10:22:50&amp;apos;
System info: host: &amp;apos;Vova-PC&amp;apos;, ip: &amp;apos;192.168.0.112&amp;apos;, os.name: &amp;apos;Windows 8.1&amp;apos;, os.arch: &amp;apos;amd64&amp;apos;, os.version: &amp;apos;6.3&amp;apos;, java.version: &amp;apos;1.8.0_60&amp;apos;
Driver info: org.openqa.selenium.chrome.ChromeDriver
Capabilities [{applicationCacheEnabled=false, rotatable=false, chrome={userDataDir=C:\Users\Vova\AppData\Local\Temp\scoped_dir5452_6201}, takesHeapSnapshot=true, databaseEnabled=false, handlesAlerts=true, version=45.0.2454.101, platform=WIN8_1, browserConnectionEnabled=false, nativeEvents=true, acceptSslCerts=true, locationContextEnabled=true, webStorageEnabled=true, browserName=chrome, takesScreenshot=true, javascriptEnabled=true, cssSelectorsEnabled=true}]
Session ID: 51f6856a2f969ba24cd2493361bb5abc">
      <![CDATA[org.openqa.selenium.WebDriverException: unknown error: Element is not clickable at point (324, 14). Other element would receive the click: <div id="select2-drop-mask" class="select2-drop-mask" style=""></div>
  (Session info: chrome=45.0.2454.101)
  (Driver info: chromedriver=2.8.241075,platform=Windows NT 6.3 x86_64) (WARNING: The server did not provide any stacktrace information)
Command duration or timeout: 35 milliseconds
Build info: version: '2.46.0', revision: '61506a4624b13675f24581e453592342b7485d71', time: '2015-06-04 10:22:50'
System info: host: 'Vova-PC', ip: '192.168.0.112', os.name: 'Windows 8.1', os.arch: 'amd64', os.version: '6.3', java.version: '1.8.0_60'
Driver info: org.openqa.selenium.chrome.ChromeDriver
Capabilities [{applicationCacheEnabled=false, rotatable=false, chrome={userDataDir=C:\Users\Vova\AppData\Local\Temp\scoped_dir5452_6201}, takesHeapSnapshot=true, databaseEnabled=false, handlesAlerts=true, version=45.0.2454.101, platform=WIN8_1, browserConnectionEnabled=false, nativeEvents=true, acceptSslCerts=true, locationContextEnabled=true, webStorageEnabled=true, browserName=chrome, takesScreenshot=true, javascriptEnabled=true, cssSelectorsEnabled=true}]
Session ID: 51f6856a2f969ba24cd2493361bb5abc
	at org.openqa.selenium.remote.ErrorHandler.createThrowable(ErrorHandler.java:204)
	at org.openqa.selenium.remote.ErrorHandler.throwIfResponseFailed(ErrorHandler.java:156)
	at org.openqa.selenium.remote.RemoteWebDriver.execute(RemoteWebDriver.java:605)
	at org.openqa.selenium.remote.RemoteWebElement.execute(RemoteWebElement.java:269)
	at org.openqa.selenium.remote.RemoteWebElement.click(RemoteWebElement.java:80)
	at com.crmtronic2_0.elements.Select2List.select(Select2List.java:21)
	at com.crmtronic2_0.pages.CategoriesPage.setPrototipyCategorySelect(CategoriesPage.java:190)
	at com.crmtronic2_0.applogic.CategoriesHelper.addNewCategory(CategoriesHelper.java:32)
	at com.crmtronic2_0.CategoriesTest.testAddNewCategory(CategoriesTest.java:28)
... Removed 28 stack frames]]>
    </failure>
  </testcase> <!-- testAddNewCategory -->
  <testcase name="testAddNewStatus" time="5.401" classname="com.crmtronic2_0.CategoriesTest">
    <failure type="org.openqa.selenium.WebDriverException" message="unknown error: Element is not clickable at point (666, 30). Other element would receive the click: &amp;lt;div id=&amp;quot;select2-drop-mask&amp;quot; class=&amp;quot;select2-drop-mask&amp;quot; style=&amp;quot;&amp;quot;&amp;gt;&amp;lt;/div&amp;gt;
  (Session info: chrome=45.0.2454.101)
  (Driver info: chromedriver=2.8.241075,platform=Windows NT 6.3 x86_64) (WARNING: The server did not provide any stacktrace information)
Command duration or timeout: 82 milliseconds
Build info: version: &amp;apos;2.46.0&amp;apos;, revision: &amp;apos;61506a4624b13675f24581e453592342b7485d71&amp;apos;, time: &amp;apos;2015-06-04 10:22:50&amp;apos;
System info: host: &amp;apos;Vova-PC&amp;apos;, ip: &amp;apos;192.168.0.112&amp;apos;, os.name: &amp;apos;Windows 8.1&amp;apos;, os.arch: &amp;apos;amd64&amp;apos;, os.version: &amp;apos;6.3&amp;apos;, java.version: &amp;apos;1.8.0_60&amp;apos;
Driver info: org.openqa.selenium.chrome.ChromeDriver
Capabilities [{applicationCacheEnabled=false, rotatable=false, chrome={userDataDir=C:\Users\Vova\AppData\Local\Temp\scoped_dir5452_6201}, takesHeapSnapshot=true, databaseEnabled=false, handlesAlerts=true, version=45.0.2454.101, platform=WIN8_1, browserConnectionEnabled=false, nativeEvents=true, acceptSslCerts=true, locationContextEnabled=true, webStorageEnabled=true, browserName=chrome, takesScreenshot=true, javascriptEnabled=true, cssSelectorsEnabled=true}]
Session ID: 51f6856a2f969ba24cd2493361bb5abc">
      <![CDATA[org.openqa.selenium.WebDriverException: unknown error: Element is not clickable at point (666, 30). Other element would receive the click: <div id="select2-drop-mask" class="select2-drop-mask" style=""></div>
  (Session info: chrome=45.0.2454.101)
  (Driver info: chromedriver=2.8.241075,platform=Windows NT 6.3 x86_64) (WARNING: The server did not provide any stacktrace information)
Command duration or timeout: 82 milliseconds
Build info: version: '2.46.0', revision: '61506a4624b13675f24581e453592342b7485d71', time: '2015-06-04 10:22:50'
System info: host: 'Vova-PC', ip: '192.168.0.112', os.name: 'Windows 8.1', os.arch: 'amd64', os.version: '6.3', java.version: '1.8.0_60'
Driver info: org.openqa.selenium.chrome.ChromeDriver
Capabilities [{applicationCacheEnabled=false, rotatable=false, chrome={userDataDir=C:\Users\Vova\AppData\Local\Temp\scoped_dir5452_6201}, takesHeapSnapshot=true, databaseEnabled=false, handlesAlerts=true, version=45.0.2454.101, platform=WIN8_1, browserConnectionEnabled=false, nativeEvents=true, acceptSslCerts=true, locationContextEnabled=true, webStorageEnabled=true, browserName=chrome, takesScreenshot=true, javascriptEnabled=true, cssSelectorsEnabled=true}]
Session ID: 51f6856a2f969ba24cd2493361bb5abc
	at org.openqa.selenium.remote.ErrorHandler.createThrowable(ErrorHandler.java:204)
	at org.openqa.selenium.remote.ErrorHandler.throwIfResponseFailed(ErrorHandler.java:156)
	at org.openqa.selenium.remote.RemoteWebDriver.execute(RemoteWebDriver.java:605)
	at org.openqa.selenium.remote.RemoteWebElement.execute(RemoteWebElement.java:269)
	at org.openqa.selenium.remote.RemoteWebElement.click(RemoteWebElement.java:80)
	at org.openqa.selenium.support.pagefactory.internal.LocatingElementHandler.invoke(LocatingElementHandler.java:51)
	at com.sun.proxy.$Proxy8.click(Unknown Source)
	at com.crmtronic2_0.elements.Button.click(Button.java:12)
	at com.crmtronic2_0.pages.InternalPage.clickButtonMenu(InternalPage.java:98)
	at com.crmtronic2_0.pages.InternalPage.clickSubMenuSettings(InternalPage.java:154)
	at com.crmtronic2_0.applogic.NavigationHelper.openSettingsPage(NavigationHelper.java:63)
	at com.crmtronic2_0.applogic.NavigationHelper.openSettingsCategoriesPage(NavigationHelper.java:72)
	at com.crmtronic2_0.applogic.CategoriesHelper.addNewStatus(CategoriesHelper.java:46)
	at com.crmtronic2_0.CategoriesTest.testAddNewStatus(CategoriesTest.java:36)
... Removed 32 stack frames]]>
    </failure>
  </testcase> <!-- testAddNewStatus -->
  <testcase name="testDeleteStatus" time="5.257" classname="com.crmtronic2_0.CategoriesTest">
    <failure type="org.openqa.selenium.WebDriverException" message="unknown error: Element is not clickable at point (666, 30). Other element would receive the click: &amp;lt;div id=&amp;quot;select2-drop-mask&amp;quot; class=&amp;quot;select2-drop-mask&amp;quot; style=&amp;quot;&amp;quot;&amp;gt;&amp;lt;/div&amp;gt;
  (Session info: chrome=45.0.2454.101)
  (Driver info: chromedriver=2.8.241075,platform=Windows NT 6.3 x86_64) (WARNING: The server did not provide any stacktrace information)
Command duration or timeout: 17 milliseconds
Build info: version: &amp;apos;2.46.0&amp;apos;, revision: &amp;apos;61506a4624b13675f24581e453592342b7485d71&amp;apos;, time: &amp;apos;2015-06-04 10:22:50&amp;apos;
System info: host: &amp;apos;Vova-PC&amp;apos;, ip: &amp;apos;192.168.0.112&amp;apos;, os.name: &amp;apos;Windows 8.1&amp;apos;, os.arch: &amp;apos;amd64&amp;apos;, os.version: &amp;apos;6.3&amp;apos;, java.version: &amp;apos;1.8.0_60&amp;apos;
Driver info: org.openqa.selenium.chrome.ChromeDriver
Capabilities [{applicationCacheEnabled=false, rotatable=false, chrome={userDataDir=C:\Users\Vova\AppData\Local\Temp\scoped_dir5452_6201}, takesHeapSnapshot=true, databaseEnabled=false, handlesAlerts=true, version=45.0.2454.101, platform=WIN8_1, browserConnectionEnabled=false, nativeEvents=true, acceptSslCerts=true, locationContextEnabled=true, webStorageEnabled=true, browserName=chrome, takesScreenshot=true, javascriptEnabled=true, cssSelectorsEnabled=true}]
Session ID: 51f6856a2f969ba24cd2493361bb5abc">
      <![CDATA[org.openqa.selenium.WebDriverException: unknown error: Element is not clickable at point (666, 30). Other element would receive the click: <div id="select2-drop-mask" class="select2-drop-mask" style=""></div>
  (Session info: chrome=45.0.2454.101)
  (Driver info: chromedriver=2.8.241075,platform=Windows NT 6.3 x86_64) (WARNING: The server did not provide any stacktrace information)
Command duration or timeout: 17 milliseconds
Build info: version: '2.46.0', revision: '61506a4624b13675f24581e453592342b7485d71', time: '2015-06-04 10:22:50'
System info: host: 'Vova-PC', ip: '192.168.0.112', os.name: 'Windows 8.1', os.arch: 'amd64', os.version: '6.3', java.version: '1.8.0_60'
Driver info: org.openqa.selenium.chrome.ChromeDriver
Capabilities [{applicationCacheEnabled=false, rotatable=false, chrome={userDataDir=C:\Users\Vova\AppData\Local\Temp\scoped_dir5452_6201}, takesHeapSnapshot=true, databaseEnabled=false, handlesAlerts=true, version=45.0.2454.101, platform=WIN8_1, browserConnectionEnabled=false, nativeEvents=true, acceptSslCerts=true, locationContextEnabled=true, webStorageEnabled=true, browserName=chrome, takesScreenshot=true, javascriptEnabled=true, cssSelectorsEnabled=true}]
Session ID: 51f6856a2f969ba24cd2493361bb5abc
	at org.openqa.selenium.remote.ErrorHandler.createThrowable(ErrorHandler.java:204)
	at org.openqa.selenium.remote.ErrorHandler.throwIfResponseFailed(ErrorHandler.java:156)
	at org.openqa.selenium.remote.RemoteWebDriver.execute(RemoteWebDriver.java:605)
	at org.openqa.selenium.remote.RemoteWebElement.execute(RemoteWebElement.java:269)
	at org.openqa.selenium.remote.RemoteWebElement.click(RemoteWebElement.java:80)
	at org.openqa.selenium.support.pagefactory.internal.LocatingElementHandler.invoke(LocatingElementHandler.java:51)
	at com.sun.proxy.$Proxy8.click(Unknown Source)
	at com.crmtronic2_0.elements.Button.click(Button.java:12)
	at com.crmtronic2_0.pages.InternalPage.clickButtonMenu(InternalPage.java:98)
	at com.crmtronic2_0.pages.InternalPage.clickSubMenuSettings(InternalPage.java:154)
	at com.crmtronic2_0.applogic.NavigationHelper.openSettingsPage(NavigationHelper.java:63)
	at com.crmtronic2_0.applogic.NavigationHelper.openSettingsCategoriesPage(NavigationHelper.java:72)
	at com.crmtronic2_0.applogic.CategoriesHelper.deleteStatus(CategoriesHelper.java:88)
	at com.crmtronic2_0.CategoriesTest.testDeleteStatus(CategoriesTest.java:51)
... Removed 32 stack frames]]>
    </failure>
  </testcase> <!-- testDeleteStatus -->
  <testcase name="testLoginOk" time="33.129" classname="com.crmtronic2_0.LoginTest"/>
</testsuite> <!-- Test1 -->
